c:\users\thr7\desktop\datos - proyecto_3\clienteinterfaz\cliente\debug\vc140.pdb
c:\users\thr7\desktop\datos - proyecto_3\clienteinterfaz\cliente\debug\interfaz.obj
c:\users\thr7\desktop\datos - proyecto_3\clienteinterfaz\cliente\debug\hilo.obj
c:\users\thr7\desktop\datos - proyecto_3\clienteinterfaz\cliente\debug\.netframework,version=v4.5.2.assemblyattributes.obj
c:\users\thr7\desktop\datos - proyecto_3\clienteinterfaz\cliente\debug\.netframework,version=v4.5.2.assemblyattributes.asm
c:\users\thr7\desktop\datos - proyecto_3\clienteinterfaz\cliente\debug\cliente.interfaz.resources
c:\users\thr7\desktop\datos - proyecto_3\clienteinterfaz\debug\cliente.exe
c:\users\thr7\desktop\datos - proyecto_3\clienteinterfaz\debug\cliente.pdb
c:\users\thr7\desktop\datos - proyecto_3\clienteinterfaz\cliente\debug\cliente.vcxproj.generateresource.cache
c:\users\thr7\desktop\datos - proyecto_3\clienteinterfaz\cliente\debug\cliente.vcxprojresolveassemblyreference.cache
c:\users\thr7\desktop\datos - proyecto_3\clienteinterfaz\cliente\debug\cliente.tlog\cl.command.1.tlog
c:\users\thr7\desktop\datos - proyecto_3\clienteinterfaz\cliente\debug\cliente.tlog\cl.read.1.tlog
c:\users\thr7\desktop\datos - proyecto_3\clienteinterfaz\cliente\debug\cliente.tlog\cl.write.1.tlog
c:\users\thr7\desktop\datos - proyecto_3\clienteinterfaz\cliente\debug\cliente.tlog\cliente.write.1u.tlog
c:\users\thr7\desktop\datos - proyecto_3\clienteinterfaz\cliente\debug\cliente.tlog\link.command.1.tlog
c:\users\thr7\desktop\datos - proyecto_3\clienteinterfaz\cliente\debug\cliente.tlog\link.read.1.tlog
c:\users\thr7\desktop\datos - proyecto_3\clienteinterfaz\cliente\debug\cliente.tlog\link.write.1.tlog
c:\users\thr7\desktop\datos - proyecto_3\clienteinterfaz\cliente\debug\cliente.tlog\metagen.read.1.tlog
c:\users\thr7\desktop\datos - proyecto_3\clienteinterfaz\cliente\debug\cliente.tlog\metagen.write.1.tlog
c:\users\thr7\desktop\datos - proyecto_3\clienteinterfaz\cliente\debug\cliente.tlog\tzres.dll.bi
